Using pre-set license
Built from '2020.3/staging' branch; Version is '2020.3.17f1 (a4537701e4ab) revision 10769271'; Using compiler version '192528614'; Build Type 'Release'
OS: 'Windows 10 Home; OS build 22000.376; Version 2009; 64bit' Language: 'en' Physical Memory: 16233 MB
BatchMode: 1, IsHumanControllingUs: 0, StartBugReporterOnCrash: 0, Is64bit: 1, IsPro: 0

COMMAND LINE ARGUMENTS:
C:\Program Files\Unity\Hub\Editor\2020.3.17f1\Editor\Unity.exe
-adb2
-batchMode
-noUpm
-name
AssetImportWorker0
-projectPath
C:/Users/axle1/Documents/projects/Asteroids3
-logFile
Logs/AssetImportWorker0.log
-srvPort
52079
Successfully changed project path to: C:/Users/axle1/Documents/projects/Asteroids3
C:/Users/axle1/Documents/projects/Asteroids3
Using Asset Import Pipeline V2.
Refreshing native plugins compatible for Editor in 45.48 ms, found 2 plugins.
Preloading 0 native plugins for Editor in 0.00 ms.
Initialize engine version: 2020.3.17f1 (a4537701e4ab)
[Subsystems] Discovering subsystems at path C:/Program Files/Unity/Hub/Editor/2020.3.17f1/Editor/Data/Resources/UnitySubsystems
[Subsystems] Discovering subsystems at path C:/Users/axle1/Documents/projects/Asteroids3/Assets
GfxDevice: creating device client; threaded=0
Direct3D:
    Version:  Direct3D 11.0 [level 11.1]
    Renderer: NVIDIA GeForce RTX 2060 (ID=0x1f11)
    Vendor:   
    VRAM:     5980 MB
    Driver:   27.21.14.5763
Initialize mono
Mono path[0] = 'C:/Program Files/Unity/Hub/Editor/2020.3.17f1/Editor/Data/Managed'
Mono path[1] = 'C:/Program Files/Unity/Hub/Editor/2020.3.17f1/Editor/Data/MonoBleedingEdge/lib/mono/unityjit'
Mono config path = 'C:/Program Files/Unity/Hub/Editor/2020.3.17f1/Editor/Data/MonoBleedingEdge/etc'
Using monoOptions --debugger-agent=transport=dt_socket,embedding=1,server=y,suspend=n,address=127.0.0.1:56276
Begin MonoManager ReloadAssembly
Registering precompiled unity dll's ...
Register platform support module: C:/Program Files/Unity/Hub/Editor/2020.3.17f1/Editor/Data/PlaybackEngines/WebGLSupport/UnityEditor.WebGL.Extensions.dll
Register platform support module: C:/Program Files/Unity/Hub/Editor/2020.3.17f1/Editor/Data/PlaybackEngines/WindowsStandaloneSupport/UnityEditor.WindowsStandalone.Extensions.dll
Registered in 0.002621 seconds.
Native extension for WindowsStandalone target not found
Native extension for WebGL target not found
Refreshing native plugins compatible for Editor in 43.53 ms, found 2 plugins.
Preloading 0 native plugins for Editor in 0.00 ms.
Mono: successfully reloaded assembly
- Completed reload, in  1.671 seconds
Domain Reload Profiling:
	ReloadAssembly (1671ms)
		BeginReloadAssembly (78ms)
			ExecutionOrderSort (0ms)
			DisableScriptedObjects (0ms)
			BackupInstance (0ms)
			ReleaseScriptingObjects (0ms)
			CreateAndSetChildDomain (1ms)
		EndReloadAssembly (636ms)
			LoadAssemblies (75ms)
			RebuildTransferFunctionScriptingTraits (0ms)
			SetupTypeCache (237ms)
			ReleaseScriptCaches (0ms)
			RebuildScriptCaches (51ms)
			SetupLoadedEditorAssemblies (242ms)
				LogAssemblyErrors (0ms)
				InitializePlatformSupportModulesInManaged (7ms)
				SetLoadedEditorAssemblies (0ms)
				RefreshPlugins (44ms)
				BeforeProcessingInitializeOnLoad (20ms)
				ProcessInitializeOnLoadAttributes (126ms)
				ProcessInitializeOnLoadMethodAttributes (43ms)
				AfterProcessingInitializeOnLoad (0ms)
				EditorAssembliesLoaded (0ms)
			ExecutionOrderSort2 (0ms)
			AwakeInstancesAfterBackupRestoration (0ms)
Platform modules already initialized, skipping
Registering precompiled user dll's ...
Registered in 0.005326 seconds.
Begin MonoManager ReloadAssembly
Native extension for WindowsStandalone target not found
Native extension for WebGL target not found
Refreshing native plugins compatible for Editor in 0.40 ms, found 2 plugins.
Preloading 0 native plugins for Editor in 0.00 ms.
Mono: successfully reloaded assembly
- Completed reload, in  1.614 seconds
Domain Reload Profiling:
	ReloadAssembly (1615ms)
		BeginReloadAssembly (217ms)
			ExecutionOrderSort (0ms)
			DisableScriptedObjects (8ms)
			BackupInstance (0ms)
			ReleaseScriptingObjects (0ms)
			CreateAndSetChildDomain (27ms)
		EndReloadAssembly (1306ms)
			LoadAssemblies (121ms)
			RebuildTransferFunctionScriptingTraits (0ms)
			SetupTypeCache (411ms)
			ReleaseScriptCaches (0ms)
			RebuildScriptCaches (64ms)
			SetupLoadedEditorAssemblies (558ms)
				LogAssemblyErrors (0ms)
				InitializePlatformSupportModulesInManaged (9ms)
				SetLoadedEditorAssemblies (1ms)
				RefreshPlugins (0ms)
				BeforeProcessingInitializeOnLoad (131ms)
				ProcessInitializeOnLoadAttributes (404ms)
				ProcessInitializeOnLoadMethodAttributes (6ms)
				AfterProcessingInitializeOnLoad (7ms)
				EditorAssembliesLoaded (0ms)
			ExecutionOrderSort2 (0ms)
			AwakeInstancesAfterBackupRestoration (11ms)
Platform modules already initialized, skipping
========================================================================
Worker process is ready to serve import requests
Launched and connected shader compiler UnityShaderCompiler.exe after 0.10 seconds
Refreshing native plugins compatible for Editor in 0.42 ms, found 2 plugins.
Preloading 0 native plugins for Editor in 0.00 ms.
Unloading 1398 Unused Serialized files (Serialized files now loaded: 0)
System memory in use before: 65.1 MB.
System memory in use after: 65.2 MB.

Unloading 18 unused Assets to reduce memory usage. Loaded Objects now: 1832.
Total: 4.073200 ms (FindLiveObjects: 0.184700 ms CreateObjectMapping: 0.058400 ms MarkObjects: 3.746600 ms  DeleteObjects: 0.082200 ms)

AssetImportParameters requested are different than current active one (requested -> active):
  custom:framework-win-MediaFoundation: 216162199b28c13a410421893ffa2e32 -> 
  custom:video-decoder-ogg-theora: a1e56fd34408186e4bbccfd4996cb3dc -> 
  custom:container-muxer-webm: aa71ff27fc2769a1b78a27578f13a17b -> 
  custom:container-demuxer-webm: 4f35f7cbe854078d1ac9338744f61a02 -> 
  custom:container-demuxer-ogg: 62fdf1f143b41e24485cea50d1cbac27 -> 
  custom:video-encoder-webm-vp8: eb34c28f22e8b96e1ab97ce403110664 -> 
  custom:video-codec-MediaFoundation-h265: 746d11721c4dcdbdad8f713fa42b33f4 -> 
  custom:video-decoder-webm-vp8: 9c59270c3fd7afecdb556c50c9e8de78 -> 
  custom:audio-decoder-ogg-vorbis: bf7c407c2cedff20999df2af8eb42d56 -> 
  custom:audio-encoder-webm-vorbis: bf7c407c2cedff20999df2af8eb42d56 -> 
========================================================================
Received Import Request.
  path: Assets/Skybox
  artifactKey: Guid(49059fb099e8fd142a15c6d17f6e093c) Importer(815301076,1909f56bfc062723c751e8b465ee728b)
Start importing Assets/Skybox using Guid(49059fb099e8fd142a15c6d17f6e093c) Importer(815301076,1909f56bfc062723c751e8b465ee728b)  -> (artifact id: '56a8c056cdcd7e67031cf58c863428e6') in 0.015958 seconds 
  Import took 0.018957 seconds .

========================================================================
Received Import Request.
  Time since last request: 11.985691 seconds.
  path: Assets/Skybox/Sky.mat
  artifactKey: Guid(47961ec05a842b04cb74f25cf80dc0ad) Importer(815301076,1909f56bfc062723c751e8b465ee728b)
Start importing Assets/Skybox/Sky.mat using Guid(47961ec05a842b04cb74f25cf80dc0ad) Importer(815301076,1909f56bfc062723c751e8b465ee728b)  -> (artifact id: 'df5d80a030f2860ffccb6a2836659ad1') in 0.180074 seconds 
  Import took 0.183195 seconds .

========================================================================
Received Import Request.
  Time since last request: 93.406316 seconds.
  path: Assets/Skybox/back.png
  artifactKey: Guid(d96ff33cbc0fb444e8c12bc195590129) Importer(815301076,1909f56bfc062723c751e8b465ee728b)
Start importing Assets/Skybox/back.png using Guid(d96ff33cbc0fb444e8c12bc195590129) Importer(815301076,1909f56bfc062723c751e8b465ee728b)  -> (artifact id: '5558ce9716eee1e28c82308940e0a3fa') in 0.054570 seconds 
  Import took 0.058032 seconds .

========================================================================
Received Import Request.
  Time since last request: 10.163717 seconds.
  path: Assets/Skybox/bottom.png
  artifactKey: Guid(ad91e03bff885ff49968f2d5787d31b8) Importer(815301076,1909f56bfc062723c751e8b465ee728b)
Start importing Assets/Skybox/bottom.png using Guid(ad91e03bff885ff49968f2d5787d31b8) Importer(815301076,1909f56bfc062723c751e8b465ee728b)  -> (artifact id: 'd3f832148fec4f34ccc7231c89f477a6') in 0.024306 seconds 
  Import took 0.027720 seconds .

========================================================================
Received Import Request.
  Time since last request: 9.744900 seconds.
  path: Assets/Skybox/front.png
  artifactKey: Guid(2637cd7769b773e4aa16d3a2a72e012b) Importer(815301076,1909f56bfc062723c751e8b465ee728b)
Start importing Assets/Skybox/front.png using Guid(2637cd7769b773e4aa16d3a2a72e012b) Importer(815301076,1909f56bfc062723c751e8b465ee728b)  -> (artifact id: 'c6aaf6af249bd64c7869332a98df6295') in 0.022622 seconds 
  Import took 0.026020 seconds .

========================================================================
Received Import Request.
  Time since last request: 7.288301 seconds.
  path: Assets/Skybox/left.png
  artifactKey: Guid(6e679dbbdfcb85446a5a3787f68f7922) Importer(815301076,1909f56bfc062723c751e8b465ee728b)
Start importing Assets/Skybox/left.png using Guid(6e679dbbdfcb85446a5a3787f68f7922) Importer(815301076,1909f56bfc062723c751e8b465ee728b)  -> (artifact id: 'b2f58e2a6a3a75a957af6deaf54eaf23') in 0.021812 seconds 
  Import took 0.025041 seconds .

========================================================================
Received Import Request.
  Time since last request: 2.983366 seconds.
  path: Assets/Skybox/Sky.mat
  artifactKey: Guid(47961ec05a842b04cb74f25cf80dc0ad) Importer(815301076,1909f56bfc062723c751e8b465ee728b)
Start importing Assets/Skybox/Sky.mat using Guid(47961ec05a842b04cb74f25cf80dc0ad) Importer(815301076,1909f56bfc062723c751e8b465ee728b)  -> (artifact id: 'e6a948fc76a86a4c0e9509593eeb21a8') in 0.025045 seconds 
  Import took 0.028491 seconds .

========================================================================
Received Import Request.
  Time since last request: 6.167868 seconds.
  path: Assets/Skybox/right.png
  artifactKey: Guid(14dd0bf846c533546bff895c24174efa) Importer(815301076,1909f56bfc062723c751e8b465ee728b)
Start importing Assets/Skybox/right.png using Guid(14dd0bf846c533546bff895c24174efa) Importer(815301076,1909f56bfc062723c751e8b465ee728b)  -> (artifact id: 'bb8522cf98d5587677498b366939c438') in 0.021001 seconds 
  Import took 0.024216 seconds .

========================================================================
Received Import Request.
  Time since last request: 9.896396 seconds.
  path: Assets/Skybox/top.png
  artifactKey: Guid(a564023cbcd18d44a89f246077d3c99c) Importer(815301076,1909f56bfc062723c751e8b465ee728b)
Start importing Assets/Skybox/top.png using Guid(a564023cbcd18d44a89f246077d3c99c) Importer(815301076,1909f56bfc062723c751e8b465ee728b)  -> (artifact id: '4726b37709dbb6ffb56b31b2a7f8fd4b') in 0.021968 seconds 
  Import took 0.025342 seconds .

========================================================================
Received Import Request.
  Time since last request: 88.169183 seconds.
  path: Assets/Skybox/cubemap.png
  artifactKey: Guid(a93029246e06ab14c83724d64082a779) Importer(815301076,1909f56bfc062723c751e8b465ee728b)
Start importing Assets/Skybox/cubemap.png using Guid(a93029246e06ab14c83724d64082a779) Importer(815301076,1909f56bfc062723c751e8b465ee728b)  -> (artifact id: 'b2bbac571664e7763a1e1ae950e0072f') in 0.055017 seconds 
  Import took 0.058571 seconds .

========================================================================
Received Import Request.
  Time since last request: 7.409749 seconds.
  path: Assets/Skybox/sky.mat
  artifactKey: Guid(47961ec05a842b04cb74f25cf80dc0ad) Importer(815301076,1909f56bfc062723c751e8b465ee728b)
Start importing Assets/Skybox/sky.mat using Guid(47961ec05a842b04cb74f25cf80dc0ad) Importer(815301076,1909f56bfc062723c751e8b465ee728b)  -> (artifact id: '68f927fc8fbbcbe49ea8b3491e8541a4') in 0.020867 seconds 
  Import took 0.024632 seconds .

========================================================================
Received Import Request.
  Time since last request: 21.549483 seconds.
  path: Assets/Skybox/New Material.mat
  artifactKey: Guid(0f3dc0ece8fda8b4da26ff36f808b7a3) Importer(815301076,1909f56bfc062723c751e8b465ee728b)
Start importing Assets/Skybox/New Material.mat using Guid(0f3dc0ece8fda8b4da26ff36f808b7a3) Importer(815301076,1909f56bfc062723c751e8b465ee728b)  -> (artifact id: 'b5dc4e49ae75d1c976362612d7eb571e') in 0.012110 seconds 
  Import took 0.015523 seconds .

========================================================================
Received Prepare
Registering precompiled user dll's ...
Registered in 0.004930 seconds.
Begin MonoManager ReloadAssembly
Native extension for WindowsStandalone target not found
Native extension for WebGL target not found
Refreshing native plugins compatible for Editor in 0.40 ms, found 2 plugins.
Preloading 0 native plugins for Editor in 0.00 ms.
Mono: successfully reloaded assembly
- Completed reload, in  1.514 seconds
Domain Reload Profiling:
	ReloadAssembly (1514ms)
		BeginReloadAssembly (161ms)
			ExecutionOrderSort (0ms)
			DisableScriptedObjects (6ms)
			BackupInstance (0ms)
			ReleaseScriptingObjects (0ms)
			CreateAndSetChildDomain (48ms)
		EndReloadAssembly (1259ms)
			LoadAssemblies (119ms)
			RebuildTransferFunctionScriptingTraits (0ms)
			SetupTypeCache (406ms)
			ReleaseScriptCaches (1ms)
			RebuildScriptCaches (58ms)
			SetupLoadedEditorAssemblies (521ms)
				LogAssemblyErrors (0ms)
				InitializePlatformSupportModulesInManaged (9ms)
				SetLoadedEditorAssemblies (1ms)
				RefreshPlugins (0ms)
				BeforeProcessingInitializeOnLoad (119ms)
				ProcessInitializeOnLoadAttributes (379ms)
				ProcessInitializeOnLoadMethodAttributes (5ms)
				AfterProcessingInitializeOnLoad (7ms)
				EditorAssembliesLoaded (0ms)
			ExecutionOrderSort2 (0ms)
			AwakeInstancesAfterBackupRestoration (10ms)
Platform modules already initialized, skipping
Refreshing native plugins compatible for Editor in 0.40 ms, found 2 plugins.
Preloading 0 native plugins for Editor in 0.00 ms.
Unloading 1392 Unused Serialized files (Serialized files now loaded: 0)
System memory in use before: 68.3 MB.
System memory in use after: 68.4 MB.

Unloading 13 unused Assets to reduce memory usage. Loaded Objects now: 1876.
Total: 4.167100 ms (FindLiveObjects: 0.168100 ms CreateObjectMapping: 0.056800 ms MarkObjects: 3.919900 ms  DeleteObjects: 0.020900 ms)

AssetImportParameters requested are different than current active one (requested -> active):
  custom:framework-win-MediaFoundation: 216162199b28c13a410421893ffa2e32 -> 
  custom:video-decoder-ogg-theora: a1e56fd34408186e4bbccfd4996cb3dc -> 
  custom:container-muxer-webm: aa71ff27fc2769a1b78a27578f13a17b -> 
  custom:container-demuxer-webm: 4f35f7cbe854078d1ac9338744f61a02 -> 
  custom:container-demuxer-ogg: 62fdf1f143b41e24485cea50d1cbac27 -> 
  custom:video-encoder-webm-vp8: eb34c28f22e8b96e1ab97ce403110664 -> 
  custom:video-codec-MediaFoundation-h265: 746d11721c4dcdbdad8f713fa42b33f4 -> 
  custom:video-decoder-webm-vp8: 9c59270c3fd7afecdb556c50c9e8de78 -> 
  custom:audio-decoder-ogg-vorbis: bf7c407c2cedff20999df2af8eb42d56 -> 
  custom:audio-encoder-webm-vorbis: bf7c407c2cedff20999df2af8eb42d56 -> 
========================================================================
Received Import Request.
  Time since last request: 92.072870 seconds.
  path: Assets/Skybox/skybox.mat
  artifactKey: Guid(0f3dc0ece8fda8b4da26ff36f808b7a3) Importer(815301076,1909f56bfc062723c751e8b465ee728b)
Start importing Assets/Skybox/skybox.mat using Guid(0f3dc0ece8fda8b4da26ff36f808b7a3) Importer(815301076,1909f56bfc062723c751e8b465ee728b)  -> (artifact id: 'c77c5496db90b2b58f3c0de8ac851cef') in 0.102431 seconds 
  Import took 0.105755 seconds .

========================================================================
Received Prepare
Registering precompiled user dll's ...
Registered in 0.004934 seconds.
Begin MonoManager ReloadAssembly
Native extension for WindowsStandalone target not found
Native extension for WebGL target not found
Refreshing native plugins compatible for Editor in 0.49 ms, found 2 plugins.
Preloading 0 native plugins for Editor in 0.00 ms.
Mono: successfully reloaded assembly
- Completed reload, in  1.484 seconds
Domain Reload Profiling:
	ReloadAssembly (1485ms)
		BeginReloadAssembly (149ms)
			ExecutionOrderSort (0ms)
			DisableScriptedObjects (6ms)
			BackupInstance (0ms)
			ReleaseScriptingObjects (0ms)
			CreateAndSetChildDomain (47ms)
		EndReloadAssembly (1244ms)
			LoadAssemblies (120ms)
			RebuildTransferFunctionScriptingTraits (0ms)
			SetupTypeCache (395ms)
			ReleaseScriptCaches (1ms)
			RebuildScriptCaches (64ms)
			SetupLoadedEditorAssemblies (514ms)
				LogAssemblyErrors (0ms)
				InitializePlatformSupportModulesInManaged (9ms)
				SetLoadedEditorAssemblies (1ms)
				RefreshPlugins (1ms)
				BeforeProcessingInitializeOnLoad (118ms)
				ProcessInitializeOnLoadAttributes (373ms)
				ProcessInitializeOnLoadMethodAttributes (5ms)
				AfterProcessingInitializeOnLoad (7ms)
				EditorAssembliesLoaded (0ms)
			ExecutionOrderSort2 (0ms)
			AwakeInstancesAfterBackupRestoration (10ms)
Platform modules already initialized, skipping
Refreshing native plugins compatible for Editor in 0.44 ms, found 2 plugins.
Preloading 0 native plugins for Editor in 0.00 ms.
Unloading 1392 Unused Serialized files (Serialized files now loaded: 0)
System memory in use before: 68.4 MB.
System memory in use after: 68.5 MB.

Unloading 13 unused Assets to reduce memory usage. Loaded Objects now: 1880.
Total: 4.361800 ms (FindLiveObjects: 0.183000 ms CreateObjectMapping: 0.056900 ms MarkObjects: 4.090100 ms  DeleteObjects: 0.030400 ms)

AssetImportParameters requested are different than current active one (requested -> active):
  custom:framework-win-MediaFoundation: 216162199b28c13a410421893ffa2e32 -> 
  custom:video-decoder-ogg-theora: a1e56fd34408186e4bbccfd4996cb3dc -> 
  custom:container-muxer-webm: aa71ff27fc2769a1b78a27578f13a17b -> 
  custom:container-demuxer-webm: 4f35f7cbe854078d1ac9338744f61a02 -> 
  custom:container-demuxer-ogg: 62fdf1f143b41e24485cea50d1cbac27 -> 
  custom:video-encoder-webm-vp8: eb34c28f22e8b96e1ab97ce403110664 -> 
  custom:video-codec-MediaFoundation-h265: 746d11721c4dcdbdad8f713fa42b33f4 -> 
  custom:video-decoder-webm-vp8: 9c59270c3fd7afecdb556c50c9e8de78 -> 
  custom:audio-decoder-ogg-vorbis: bf7c407c2cedff20999df2af8eb42d56 -> 
  custom:audio-encoder-webm-vorbis: bf7c407c2cedff20999df2af8eb42d56 -> 
========================================================================
Received Prepare
Registering precompiled user dll's ...
Registered in 0.004936 seconds.
Begin MonoManager ReloadAssembly
Native extension for WindowsStandalone target not found
Native extension for WebGL target not found
Refreshing native plugins compatible for Editor in 0.42 ms, found 2 plugins.
Preloading 0 native plugins for Editor in 0.00 ms.
Mono: successfully reloaded assembly
- Completed reload, in  1.515 seconds
Domain Reload Profiling:
	ReloadAssembly (1516ms)
		BeginReloadAssembly (148ms)
			ExecutionOrderSort (0ms)
			DisableScriptedObjects (7ms)
			BackupInstance (0ms)
			ReleaseScriptingObjects (0ms)
			CreateAndSetChildDomain (46ms)
		EndReloadAssembly (1273ms)
			LoadAssemblies (122ms)
			RebuildTransferFunctionScriptingTraits (0ms)
			SetupTypeCache (406ms)
			ReleaseScriptCaches (1ms)
			RebuildScriptCaches (60ms)
			SetupLoadedEditorAssemblies (532ms)
				LogAssemblyErrors (0ms)
				InitializePlatformSupportModulesInManaged (9ms)
				SetLoadedEditorAssemblies (1ms)
				RefreshPlugins (0ms)
				BeforeProcessingInitializeOnLoad (122ms)
				ProcessInitializeOnLoadAttributes (387ms)
				ProcessInitializeOnLoadMethodAttributes (6ms)
				AfterProcessingInitializeOnLoad (7ms)
				EditorAssembliesLoaded (0ms)
			ExecutionOrderSort2 (0ms)
			AwakeInstancesAfterBackupRestoration (10ms)
Platform modules already initialized, skipping
Refreshing native plugins compatible for Editor in 0.44 ms, found 2 plugins.
Preloading 0 native plugins for Editor in 0.00 ms.
Unloading 1392 Unused Serialized files (Serialized files now loaded: 0)
System memory in use before: 68.4 MB.
System memory in use after: 68.5 MB.

Unloading 13 unused Assets to reduce memory usage. Loaded Objects now: 1882.
Total: 4.468900 ms (FindLiveObjects: 0.187700 ms CreateObjectMapping: 0.057600 ms MarkObjects: 4.200300 ms  DeleteObjects: 0.021900 ms)

AssetImportParameters requested are different than current active one (requested -> active):
  custom:framework-win-MediaFoundation: 216162199b28c13a410421893ffa2e32 -> 
  custom:video-decoder-ogg-theora: a1e56fd34408186e4bbccfd4996cb3dc -> 
  custom:container-muxer-webm: aa71ff27fc2769a1b78a27578f13a17b -> 
  custom:container-demuxer-webm: 4f35f7cbe854078d1ac9338744f61a02 -> 
  custom:container-demuxer-ogg: 62fdf1f143b41e24485cea50d1cbac27 -> 
  custom:video-encoder-webm-vp8: eb34c28f22e8b96e1ab97ce403110664 -> 
  custom:video-codec-MediaFoundation-h265: 746d11721c4dcdbdad8f713fa42b33f4 -> 
  custom:video-decoder-webm-vp8: 9c59270c3fd7afecdb556c50c9e8de78 -> 
  custom:audio-decoder-ogg-vorbis: bf7c407c2cedff20999df2af8eb42d56 -> 
  custom:audio-encoder-webm-vorbis: bf7c407c2cedff20999df2af8eb42d56 -> 
========================================================================
Received Prepare
Registering precompiled user dll's ...
Registered in 0.007766 seconds.
Begin MonoManager ReloadAssembly
Native extension for WindowsStandalone target not found
Native extension for WebGL target not found
Refreshing native plugins compatible for Editor in 0.41 ms, found 2 plugins.
Preloading 0 native plugins for Editor in 0.00 ms.
Mono: successfully reloaded assembly
- Completed reload, in  1.524 seconds
Domain Reload Profiling:
	ReloadAssembly (1525ms)
		BeginReloadAssembly (156ms)
			ExecutionOrderSort (0ms)
			DisableScriptedObjects (7ms)
			BackupInstance (0ms)
			ReleaseScriptingObjects (0ms)
			CreateAndSetChildDomain (43ms)
		EndReloadAssembly (1274ms)
			LoadAssemblies (120ms)
			RebuildTransferFunctionScriptingTraits (0ms)
			SetupTypeCache (424ms)
			ReleaseScriptCaches (1ms)
			RebuildScriptCaches (57ms)
			SetupLoadedEditorAssemblies (523ms)
				LogAssemblyErrors (0ms)
				InitializePlatformSupportModulesInManaged (9ms)
				SetLoadedEditorAssemblies (1ms)
				RefreshPlugins (0ms)
				BeforeProcessingInitializeOnLoad (120ms)
				ProcessInitializeOnLoadAttributes (380ms)
				ProcessInitializeOnLoadMethodAttributes (5ms)
				AfterProcessingInitializeOnLoad (7ms)
				EditorAssembliesLoaded (0ms)
			ExecutionOrderSort2 (0ms)
			AwakeInstancesAfterBackupRestoration (10ms)
Platform modules already initialized, skipping
Refreshing native plugins compatible for Editor in 0.42 ms, found 2 plugins.
Preloading 0 native plugins for Editor in 0.00 ms.
Unloading 1392 Unused Serialized files (Serialized files now loaded: 0)
System memory in use before: 68.4 MB.
System memory in use after: 68.5 MB.

Unloading 13 unused Assets to reduce memory usage. Loaded Objects now: 1884.
Total: 4.442800 ms (FindLiveObjects: 0.177100 ms CreateObjectMapping: 0.056600 ms MarkObjects: 4.184000 ms  DeleteObjects: 0.023800 ms)

AssetImportParameters requested are different than current active one (requested -> active):
  custom:framework-win-MediaFoundation: 216162199b28c13a410421893ffa2e32 -> 
  custom:video-decoder-ogg-theora: a1e56fd34408186e4bbccfd4996cb3dc -> 
  custom:container-muxer-webm: aa71ff27fc2769a1b78a27578f13a17b -> 
  custom:container-demuxer-webm: 4f35f7cbe854078d1ac9338744f61a02 -> 
  custom:container-demuxer-ogg: 62fdf1f143b41e24485cea50d1cbac27 -> 
  custom:video-encoder-webm-vp8: eb34c28f22e8b96e1ab97ce403110664 -> 
  custom:video-codec-MediaFoundation-h265: 746d11721c4dcdbdad8f713fa42b33f4 -> 
  custom:video-decoder-webm-vp8: 9c59270c3fd7afecdb556c50c9e8de78 -> 
  custom:audio-decoder-ogg-vorbis: bf7c407c2cedff20999df2af8eb42d56 -> 
  custom:audio-encoder-webm-vorbis: bf7c407c2cedff20999df2af8eb42d56 -> 
========================================================================
Received Import Request.
  Time since last request: 150.531198 seconds.
  path: Assets/Scripts/Player.cs
  artifactKey: Guid(4faa0a7ee4c380042844e2070ac0c664) Importer(815301076,1909f56bfc062723c751e8b465ee728b)
Start importing Assets/Scripts/Player.cs using Guid(4faa0a7ee4c380042844e2070ac0c664) Importer(815301076,1909f56bfc062723c751e8b465ee728b)  -> (artifact id: '91774b1ac2a6f931b6ac12322187039c') in 0.009550 seconds 
  Import took 0.012668 seconds .

========================================================================
Received Import Request.
  Time since last request: 2.524189 seconds.
  path: Assets/Scripts/Player.cs
  artifactKey: Guid(4faa0a7ee4c380042844e2070ac0c664) Importer(815301076,1909f56bfc062723c751e8b465ee728b)
Start importing Assets/Scripts/Player.cs using Guid(4faa0a7ee4c380042844e2070ac0c664) Importer(815301076,1909f56bfc062723c751e8b465ee728b)  -> (artifact id: '91774b1ac2a6f931b6ac12322187039c') in 0.003877 seconds 
  Import took 0.006957 seconds .

========================================================================
Received Prepare
Registering precompiled user dll's ...
Registered in 0.005228 seconds.
Begin MonoManager ReloadAssembly
Native extension for WindowsStandalone target not found
Native extension for WebGL target not found
Refreshing native plugins compatible for Editor in 0.40 ms, found 2 plugins.
Preloading 0 native plugins for Editor in 0.00 ms.
Mono: successfully reloaded assembly
- Completed reload, in  1.519 seconds
Domain Reload Profiling:
	ReloadAssembly (1520ms)
		BeginReloadAssembly (147ms)
			ExecutionOrderSort (0ms)
			DisableScriptedObjects (7ms)
			BackupInstance (0ms)
			ReleaseScriptingObjects (0ms)
			CreateAndSetChildDomain (45ms)
		EndReloadAssembly (1279ms)
			LoadAssemblies (118ms)
			RebuildTransferFunctionScriptingTraits (0ms)
			SetupTypeCache (422ms)
			ReleaseScriptCaches (1ms)
			RebuildScriptCaches (57ms)
			SetupLoadedEditorAssemblies (526ms)
				LogAssemblyErrors (0ms)
				InitializePlatformSupportModulesInManaged (9ms)
				SetLoadedEditorAssemblies (1ms)
				RefreshPlugins (0ms)
				BeforeProcessingInitializeOnLoad (121ms)
				ProcessInitializeOnLoadAttributes (383ms)
				ProcessInitializeOnLoadMethodAttributes (5ms)
				AfterProcessingInitializeOnLoad (7ms)
				EditorAssembliesLoaded (0ms)
			ExecutionOrderSort2 (0ms)
			AwakeInstancesAfterBackupRestoration (11ms)
Platform modules already initialized, skipping
Refreshing native plugins compatible for Editor in 0.43 ms, found 2 plugins.
Preloading 0 native plugins for Editor in 0.00 ms.
Unloading 1392 Unused Serialized files (Serialized files now loaded: 0)
System memory in use before: 68.5 MB.
System memory in use after: 68.6 MB.

Unloading 13 unused Assets to reduce memory usage. Loaded Objects now: 1886.
Total: 4.377200 ms (FindLiveObjects: 0.165500 ms CreateObjectMapping: 0.056600 ms MarkObjects: 4.132200 ms  DeleteObjects: 0.021500 ms)

AssetImportParameters requested are different than current active one (requested -> active):
  custom:framework-win-MediaFoundation: 216162199b28c13a410421893ffa2e32 -> 
  custom:video-decoder-ogg-theora: a1e56fd34408186e4bbccfd4996cb3dc -> 
  custom:container-muxer-webm: aa71ff27fc2769a1b78a27578f13a17b -> 
  custom:container-demuxer-webm: 4f35f7cbe854078d1ac9338744f61a02 -> 
  custom:container-demuxer-ogg: 62fdf1f143b41e24485cea50d1cbac27 -> 
  custom:video-encoder-webm-vp8: eb34c28f22e8b96e1ab97ce403110664 -> 
  custom:video-codec-MediaFoundation-h265: 746d11721c4dcdbdad8f713fa42b33f4 -> 
  custom:video-decoder-webm-vp8: 9c59270c3fd7afecdb556c50c9e8de78 -> 
  custom:audio-decoder-ogg-vorbis: bf7c407c2cedff20999df2af8eb42d56 -> 
  custom:audio-encoder-webm-vorbis: bf7c407c2cedff20999df2af8eb42d56 -> 
========================================================================
Received Import Request.
  Time since last request: 142.396949 seconds.
  path: Assets/Scripts/Player.cs
  artifactKey: Guid(4faa0a7ee4c380042844e2070ac0c664) Importer(815301076,1909f56bfc062723c751e8b465ee728b)
Start importing Assets/Scripts/Player.cs using Guid(4faa0a7ee4c380042844e2070ac0c664) Importer(815301076,1909f56bfc062723c751e8b465ee728b)  -> (artifact id: 'e9e7971854382f3b83bc34967640b17b') in 0.006878 seconds 
  Import took 0.009863 seconds .

========================================================================
Received Prepare
Registering precompiled user dll's ...
Registered in 0.005250 seconds.
Begin MonoManager ReloadAssembly
Native extension for WindowsStandalone target not found
Native extension for WebGL target not found
Refreshing native plugins compatible for Editor in 0.41 ms, found 2 plugins.
Preloading 0 native plugins for Editor in 0.00 ms.
Mono: successfully reloaded assembly
- Completed reload, in  1.530 seconds
Domain Reload Profiling:
	ReloadAssembly (1531ms)
		BeginReloadAssembly (151ms)
			ExecutionOrderSort (0ms)
			DisableScriptedObjects (7ms)
			BackupInstance (0ms)
			ReleaseScriptingObjects (0ms)
			CreateAndSetChildDomain (43ms)
		EndReloadAssembly (1284ms)
			LoadAssemblies (118ms)
			RebuildTransferFunctionScriptingTraits (0ms)
			SetupTypeCache (426ms)
			ReleaseScriptCaches (1ms)
			RebuildScriptCaches (56ms)
			SetupLoadedEditorAssemblies (532ms)
				LogAssemblyErrors (0ms)
				InitializePlatformSupportModulesInManaged (9ms)
				SetLoadedEditorAssemblies (1ms)
				RefreshPlugins (0ms)
				BeforeProcessingInitializeOnLoad (123ms)
				ProcessInitializeOnLoadAttributes (386ms)
				ProcessInitializeOnLoadMethodAttributes (5ms)
				AfterProcessingInitializeOnLoad (7ms)
				EditorAssembliesLoaded (0ms)
			ExecutionOrderSort2 (0ms)
			AwakeInstancesAfterBackupRestoration (10ms)
Platform modules already initialized, skipping
Refreshing native plugins compatible for Editor in 0.41 ms, found 2 plugins.
Preloading 0 native plugins for Editor in 0.00 ms.
Unloading 1392 Unused Serialized files (Serialized files now loaded: 0)
System memory in use before: 68.5 MB.
System memory in use after: 68.6 MB.

Unloading 13 unused Assets to reduce memory usage. Loaded Objects now: 1888.
Total: 4.333700 ms (FindLiveObjects: 0.177200 ms CreateObjectMapping: 0.061000 ms MarkObjects: 4.070600 ms  DeleteObjects: 0.023400 ms)

AssetImportParameters requested are different than current active one (requested -> active):
  custom:framework-win-MediaFoundation: 216162199b28c13a410421893ffa2e32 -> 
  custom:video-decoder-ogg-theora: a1e56fd34408186e4bbccfd4996cb3dc -> 
  custom:container-muxer-webm: aa71ff27fc2769a1b78a27578f13a17b -> 
  custom:container-demuxer-webm: 4f35f7cbe854078d1ac9338744f61a02 -> 
  custom:container-demuxer-ogg: 62fdf1f143b41e24485cea50d1cbac27 -> 
  custom:video-encoder-webm-vp8: eb34c28f22e8b96e1ab97ce403110664 -> 
  custom:video-codec-MediaFoundation-h265: 746d11721c4dcdbdad8f713fa42b33f4 -> 
  custom:video-decoder-webm-vp8: 9c59270c3fd7afecdb556c50c9e8de78 -> 
  custom:audio-decoder-ogg-vorbis: bf7c407c2cedff20999df2af8eb42d56 -> 
  custom:audio-encoder-webm-vorbis: bf7c407c2cedff20999df2af8eb42d56 -> 
========================================================================
Received Prepare
Registering precompiled user dll's ...
Registered in 0.004877 seconds.
Begin MonoManager ReloadAssembly
Native extension for WindowsStandalone target not found
Native extension for WebGL target not found
Refreshing native plugins compatible for Editor in 0.41 ms, found 2 plugins.
Preloading 0 native plugins for Editor in 0.00 ms.
Mono: successfully reloaded assembly
- Completed reload, in  1.460 seconds
Domain Reload Profiling:
	ReloadAssembly (1461ms)
		BeginReloadAssembly (142ms)
			ExecutionOrderSort (0ms)
			DisableScriptedObjects (7ms)
			BackupInstance (0ms)
			ReleaseScriptingObjects (0ms)
			CreateAndSetChildDomain (41ms)
		EndReloadAssembly (1227ms)
			LoadAssemblies (117ms)
			RebuildTransferFunctionScriptingTraits (0ms)
			SetupTypeCache (386ms)
			ReleaseScriptCaches (1ms)
			RebuildScriptCaches (57ms)
			SetupLoadedEditorAssemblies (515ms)
				LogAssemblyErrors (0ms)
				InitializePlatformSupportModulesInManaged (9ms)
				SetLoadedEditorAssemblies (1ms)
				RefreshPlugins (0ms)
				BeforeProcessingInitializeOnLoad (118ms)
				ProcessInitializeOnLoadAttributes (375ms)
				ProcessInitializeOnLoadMethodAttributes (5ms)
				AfterProcessingInitializeOnLoad (7ms)
				EditorAssembliesLoaded (0ms)
			ExecutionOrderSort2 (0ms)
			AwakeInstancesAfterBackupRestoration (11ms)
Platform modules already initialized, skipping
Refreshing native plugins compatible for Editor in 0.43 ms, found 2 plugins.
Preloading 0 native plugins for Editor in 0.00 ms.
Unloading 1393 Unused Serialized files (Serialized files now loaded: 0)
System memory in use before: 68.5 MB.
System memory in use after: 68.6 MB.

Unloading 13 unused Assets to reduce memory usage. Loaded Objects now: 1891.
Total: 4.180000 ms (FindLiveObjects: 0.171400 ms CreateObjectMapping: 0.056900 ms MarkObjects: 3.928800 ms  DeleteObjects: 0.021400 ms)

AssetImportParameters requested are different than current active one (requested -> active):
  custom:framework-win-MediaFoundation: 216162199b28c13a410421893ffa2e32 -> 
  custom:video-decoder-ogg-theora: a1e56fd34408186e4bbccfd4996cb3dc -> 
  custom:container-muxer-webm: aa71ff27fc2769a1b78a27578f13a17b -> 
  custom:container-demuxer-webm: 4f35f7cbe854078d1ac9338744f61a02 -> 
  custom:container-demuxer-ogg: 62fdf1f143b41e24485cea50d1cbac27 -> 
  custom:video-encoder-webm-vp8: eb34c28f22e8b96e1ab97ce403110664 -> 
  custom:video-codec-MediaFoundation-h265: 746d11721c4dcdbdad8f713fa42b33f4 -> 
  custom:video-decoder-webm-vp8: 9c59270c3fd7afecdb556c50c9e8de78 -> 
  custom:audio-decoder-ogg-vorbis: bf7c407c2cedff20999df2af8eb42d56 -> 
  custom:audio-encoder-webm-vorbis: bf7c407c2cedff20999df2af8eb42d56 -> 
========================================================================
Received Import Request.
  Time since last request: 338.913761 seconds.
  path: Assets/Asteroids Pack
  artifactKey: Guid(ee0e06b8b915d5447a22adf2902dad1e) Importer(815301076,1909f56bfc062723c751e8b465ee728b)
Start importing Assets/Asteroids Pack using Guid(ee0e06b8b915d5447a22adf2902dad1e) Importer(815301076,1909f56bfc062723c751e8b465ee728b)  -> (artifact id: 'e224661b84d918687e9db769602af7ad') in 0.013670 seconds 
  Import took 0.017158 seconds .

========================================================================
Received Import Request.
  Time since last request: 0.006458 seconds.
  path: Assets/Asteroids Pack
  artifactKey: Guid(ee0e06b8b915d5447a22adf2902dad1e) Importer(815301076,1909f56bfc062723c751e8b465ee728b)
Start importing Assets/Asteroids Pack using Guid(ee0e06b8b915d5447a22adf2902dad1e) Importer(815301076,1909f56bfc062723c751e8b465ee728b)  -> (artifact id: 'e224661b84d918687e9db769602af7ad') in 0.004205 seconds 
  Import took 0.007336 seconds .

========================================================================
Received Import Request.
  Time since last request: 1.742043 seconds.
  path: Assets/Asteroids Pack/Assets
  artifactKey: Guid(9fde4978a4811a34b80135ed529ada64) Importer(815301076,1909f56bfc062723c751e8b465ee728b)
Start importing Assets/Asteroids Pack/Assets using Guid(9fde4978a4811a34b80135ed529ada64) Importer(815301076,1909f56bfc062723c751e8b465ee728b)  -> (artifact id: '9858112f1fdd82d7021b34d6a06dfb82') in 0.010750 seconds 
  Import took 0.014150 seconds .

========================================================================
Received Import Request.
  Time since last request: 0.016557 seconds.
  path: Assets/Asteroids Pack/Assets
  artifactKey: Guid(9fde4978a4811a34b80135ed529ada64) Importer(815301076,1909f56bfc062723c751e8b465ee728b)
Start importing Assets/Asteroids Pack/Assets using Guid(9fde4978a4811a34b80135ed529ada64) Importer(815301076,1909f56bfc062723c751e8b465ee728b)  -> (artifact id: '9858112f1fdd82d7021b34d6a06dfb82') in 0.003838 seconds 
  Import took 0.007228 seconds .

========================================================================
Received Import Request.
  Time since last request: 1.809411 seconds.
  path: Assets/Asteroids Pack/Assets/Materials/large_asteroid.mat
  artifactKey: Guid(0e47fa6aa96cfd044b946d9923d4a47a) Importer(815301076,1909f56bfc062723c751e8b465ee728b)
Start importing Assets/Asteroids Pack/Assets/Materials/large_asteroid.mat using Guid(0e47fa6aa96cfd044b946d9923d4a47a) Importer(815301076,1909f56bfc062723c751e8b465ee728b)  -> (artifact id: 'ee7ad62f1c21e0bd168bdd3e3e2e5fc6') in 0.426508 seconds 
  Import took 0.429752 seconds .

========================================================================
Received Import Request.
  Time since last request: 0.000352 seconds.
  path: Assets/Asteroids Pack/Assets/Materials/skybox.mat
  artifactKey: Guid(18b6bf7c06173654ead94eda5ab1abee) Importer(815301076,1909f56bfc062723c751e8b465ee728b)
Start importing Assets/Asteroids Pack/Assets/Materials/skybox.mat using Guid(18b6bf7c06173654ead94eda5ab1abee) Importer(815301076,1909f56bfc062723c751e8b465ee728b)  -> (artifact id: '736a6e7a78b7cc9aa17894c78ec00119') in 0.057424 seconds 
  Import took 0.060975 seconds .

========================================================================
Received Import Request.
  Time since last request: 0.000375 seconds.
  path: Assets/Asteroids Pack/Assets/Materials/small_asteroid.mat
  artifactKey: Guid(44f9d629006bb76409d3626dd82797c0) Importer(815301076,1909f56bfc062723c751e8b465ee728b)
Start importing Assets/Asteroids Pack/Assets/Materials/small_asteroid.mat using Guid(44f9d629006bb76409d3626dd82797c0) Importer(815301076,1909f56bfc062723c751e8b465ee728b)  -> (artifact id: 'b471da850c7a4adc3091a5e2f9744d03') in 0.030297 seconds 
  Import took 0.033439 seconds .

========================================================================
Received Import Request.
  Time since last request: 0.000339 seconds.
  path: Assets/Asteroids Pack/Assets/Materials
  artifactKey: Guid(650190cd13d46e04eaa59500ee855203) Importer(815301076,1909f56bfc062723c751e8b465ee728b)
Start importing Assets/Asteroids Pack/Assets/Materials using Guid(650190cd13d46e04eaa59500ee855203) Importer(815301076,1909f56bfc062723c751e8b465ee728b)  -> (artifact id: 'd608857a1ac05ec2f5c30c4c9a804b6b') in 0.010666 seconds 
  Import took 0.014302 seconds .

========================================================================
Received Import Request.
  Time since last request: 7.171735 seconds.
  path: Assets/Asteroids Pack/Assets/Textures/Skybox/front.png
  artifactKey: Guid(9de045fbc0475c3448a6fe432953d07d) Importer(815301076,1909f56bfc062723c751e8b465ee728b)
Start importing Assets/Asteroids Pack/Assets/Textures/Skybox/front.png using Guid(9de045fbc0475c3448a6fe432953d07d) Importer(815301076,1909f56bfc062723c751e8b465ee728b)  -> (artifact id: '6e08eff58c4707501b1e239af956008b') in 0.027942 seconds 
  Import took 0.031154 seconds .

========================================================================
Received Import Request.
  Time since last request: 0.000380 seconds.
  path: Assets/Asteroids Pack/Assets/Textures/Skybox/right.png
  artifactKey: Guid(ff9f56d5c7e719e48842487193e7664a) Importer(815301076,1909f56bfc062723c751e8b465ee728b)
Start importing Assets/Asteroids Pack/Assets/Textures/Skybox/right.png using Guid(ff9f56d5c7e719e48842487193e7664a) Importer(815301076,1909f56bfc062723c751e8b465ee728b)  -> (artifact id: '46fd8fbb40effb88203f07c3f0cb8466') in 0.018945 seconds 
  Import took 0.022996 seconds .

========================================================================
Received Import Request.
  Time since last request: 0.000345 seconds.
  path: Assets/Asteroids Pack/Assets/Textures/Skybox/left.png
  artifactKey: Guid(18d017ccac3aee84189fd958c59b6a34) Importer(815301076,1909f56bfc062723c751e8b465ee728b)
Start importing Assets/Asteroids Pack/Assets/Textures/Skybox/left.png using Guid(18d017ccac3aee84189fd958c59b6a34) Importer(815301076,1909f56bfc062723c751e8b465ee728b)  -> (artifact id: 'c85c4c392c8e1739fb3973283f8ed78d') in 0.020028 seconds 
  Import took 0.023308 seconds .

========================================================================
Received Import Request.
  Time since last request: 0.000384 seconds.
  path: Assets/Asteroids Pack/Assets/Textures/Skybox/front.png
  artifactKey: Guid(9de045fbc0475c3448a6fe432953d07d) Importer(815301076,1909f56bfc062723c751e8b465ee728b)
Start importing Assets/Asteroids Pack/Assets/Textures/Skybox/front.png using Guid(9de045fbc0475c3448a6fe432953d07d) Importer(815301076,1909f56bfc062723c751e8b465ee728b)  -> (artifact id: '6e08eff58c4707501b1e239af956008b') in 0.021061 seconds 
  Import took 0.024060 seconds .

========================================================================
Received Import Request.
  Time since last request: 0.000331 seconds.
  path: Assets/Asteroids Pack/Assets/Textures/Skybox/bottom.png
  artifactKey: Guid(de56ef5fec2b4be4f83a4b0d1a9ab8a6) Importer(815301076,1909f56bfc062723c751e8b465ee728b)
Start importing Assets/Asteroids Pack/Assets/Textures/Skybox/bottom.png using Guid(de56ef5fec2b4be4f83a4b0d1a9ab8a6) Importer(815301076,1909f56bfc062723c751e8b465ee728b)  -> (artifact id: '37812b32f011f95372d3af6077fe125f') in 0.017929 seconds 
  Import took 0.021044 seconds .

========================================================================
Received Import Request.
  Time since last request: 0.000365 seconds.
  path: Assets/Asteroids Pack/Assets/Textures/Skybox/back.png
  artifactKey: Guid(86ba6f1a957a1f14ab74563316f96337) Importer(815301076,1909f56bfc062723c751e8b465ee728b)
Start importing Assets/Asteroids Pack/Assets/Textures/Skybox/back.png using Guid(86ba6f1a957a1f14ab74563316f96337) Importer(815301076,1909f56bfc062723c751e8b465ee728b)  -> (artifact id: 'eb454ad6d243c04f4cac3be72f3910c1') in 0.021845 seconds 
  Import took 0.024952 seconds .

========================================================================
Received Import Request.
  Time since last request: 0.000315 seconds.
  path: Assets/Asteroids Pack/Assets/Textures/Skybox/up.png
  artifactKey: Guid(6c12920c31f26f64bb7cbf6e3f95d212) Importer(815301076,1909f56bfc062723c751e8b465ee728b)
Start importing Assets/Asteroids Pack/Assets/Textures/Skybox/up.png using Guid(6c12920c31f26f64bb7cbf6e3f95d212) Importer(815301076,1909f56bfc062723c751e8b465ee728b)  -> (artifact id: '4881183aa3fc0fc17d4349b73654b0d7') in 0.018472 seconds 
  Import took 0.021511 seconds .

========================================================================
Received Import Request.
  Time since last request: 0.072762 seconds.
  path: Assets/Asteroids Pack/Assets/Textures/Skybox/back.png
  artifactKey: Guid(86ba6f1a957a1f14ab74563316f96337) Importer(815301076,1909f56bfc062723c751e8b465ee728b)
Start importing Assets/Asteroids Pack/Assets/Textures/Skybox/back.png using Guid(86ba6f1a957a1f14ab74563316f96337) Importer(815301076,1909f56bfc062723c751e8b465ee728b)  -> (artifact id: 'eb454ad6d243c04f4cac3be72f3910c1') in 0.021257 seconds 
  Import took 0.024500 seconds .

========================================================================
Received Import Request.
  Time since last request: 31.829801 seconds.
  path: Assets/Asteroids Pack/Assets/Meshes/asteroid1_LOD0.fbx
  artifactKey: Guid(d03d0c597bb388947bf16f564153364a) Importer(815301076,1909f56bfc062723c751e8b465ee728b)
Start importing Assets/Asteroids Pack/Assets/Meshes/asteroid1_LOD0.fbx using Guid(d03d0c597bb388947bf16f564153364a) Importer(815301076,1909f56bfc062723c751e8b465ee728b)  -> (artifact id: '16db0ac2defe0551f4da4a2e4c9104fb') in 0.120453 seconds 
  Import took 0.123751 seconds .

========================================================================
Received Import Request.
  Time since last request: 0.000326 seconds.
  path: Assets/Asteroids Pack/Assets/Meshes/asteroid2_LOD1.fbx
  artifactKey: Guid(f6c9079cd95ba7c4f967cb514398f38f) Importer(815301076,1909f56bfc062723c751e8b465ee728b)
Start importing Assets/Asteroids Pack/Assets/Meshes/asteroid2_LOD1.fbx using Guid(f6c9079cd95ba7c4f967cb514398f38f) Importer(815301076,1909f56bfc062723c751e8b465ee728b)  -> (artifact id: '611f6649b27e55167d0ae4f02f983bc8') in 0.026352 seconds 
  Import took 0.029550 seconds .

========================================================================
Received Import Request.
  Time since last request: 0.000293 seconds.
  path: Assets/Asteroids Pack/Assets/Meshes/asteroid3_LOD2.fbx
  artifactKey: Guid(c8e5dbd0279404f47898113147f8f42f) Importer(815301076,1909f56bfc062723c751e8b465ee728b)
Start importing Assets/Asteroids Pack/Assets/Meshes/asteroid3_LOD2.fbx using Guid(c8e5dbd0279404f47898113147f8f42f) Importer(815301076,1909f56bfc062723c751e8b465ee728b)  -> (artifact id: 'd633a84405b220db33ae374d1ac8b78a') in 0.025530 seconds 
  Import took 0.028581 seconds .

========================================================================
Received Import Request.
  Time since last request: 0.000345 seconds.
  path: Assets/Asteroids Pack/Assets/Meshes/asteroid3_LOD1.fbx
  artifactKey: Guid(1b6e00e79bdc23d4888bfb8e5613ab1c) Importer(815301076,1909f56bfc062723c751e8b465ee728b)
Start importing Assets/Asteroids Pack/Assets/Meshes/asteroid3_LOD1.fbx using Guid(1b6e00e79bdc23d4888bfb8e5613ab1c) Importer(815301076,1909f56bfc062723c751e8b465ee728b)  -> (artifact id: 'f7ac7314269909a01f066e8514f52506') in 0.028439 seconds 
  Import took 0.031486 seconds .

========================================================================
Received Import Request.
  Time since last request: 0.000336 seconds.
  path: Assets/Asteroids Pack/Assets/Meshes/asteroid2_LOD2.fbx
  artifactKey: Guid(4fc98ba1e54e0f64aa2c95885ef7026e) Importer(815301076,1909f56bfc062723c751e8b465ee728b)
Start importing Assets/Asteroids Pack/Assets/Meshes/asteroid2_LOD2.fbx using Guid(4fc98ba1e54e0f64aa2c95885ef7026e) Importer(815301076,1909f56bfc062723c751e8b465ee728b)  -> (artifact id: '961e81951b815b20d392bef21c3d30f8') in 0.027530 seconds 
  Import took 0.030649 seconds .

========================================================================
Received Import Request.
  Time since last request: 0.000283 seconds.
  path: Assets/Asteroids Pack/Assets/Meshes/asteroid1_LOD2.fbx
  artifactKey: Guid(a06b7d8123805974182a9aee714fe013) Importer(815301076,1909f56bfc062723c751e8b465ee728b)
Start importing Assets/Asteroids Pack/Assets/Meshes/asteroid1_LOD2.fbx using Guid(a06b7d8123805974182a9aee714fe013) Importer(815301076,1909f56bfc062723c751e8b465ee728b)  -> (artifact id: '16323f2be0a9024a7bca0272e25b8900') in 0.025963 seconds 
  Import took 0.028971 seconds .

========================================================================
Received Import Request.
  Time since last request: 0.000326 seconds.
  path: Assets/Asteroids Pack/Assets/Meshes/asteroid2_LOD0.fbx
  artifactKey: Guid(e259e812818c9074dbe1011ab1789aae) Importer(815301076,1909f56bfc062723c751e8b465ee728b)
Start importing Assets/Asteroids Pack/Assets/Meshes/asteroid2_LOD0.fbx using Guid(e259e812818c9074dbe1011ab1789aae) Importer(815301076,1909f56bfc062723c751e8b465ee728b)  -> (artifact id: '4125a607c4374526d38e3205da4c4284') in 0.036803 seconds 
  Import took 0.040357 seconds .

========================================================================
Received Import Request.
  Time since last request: 0.000381 seconds.
  path: Assets/Asteroids Pack/Assets/Meshes/asteroid1_LOD1.fbx
  artifactKey: Guid(4fb53cd438460f84a97145bd5e35baf1) Importer(815301076,1909f56bfc062723c751e8b465ee728b)
Start importing Assets/Asteroids Pack/Assets/Meshes/asteroid1_LOD1.fbx using Guid(4fb53cd438460f84a97145bd5e35baf1) Importer(815301076,1909f56bfc062723c751e8b465ee728b)  -> (artifact id: '47b2be897cc9c45050ec8e0b3eac20d4') in 0.026121 seconds 
  Import took 0.029227 seconds .

========================================================================
Received Import Request.
  Time since last request: 0.000336 seconds.
  path: Assets/Asteroids Pack/Assets/Meshes/asteroid3_LOD0.fbx
  artifactKey: Guid(5f67db069f8983f49bdeff2fdad26975) Importer(815301076,1909f56bfc062723c751e8b465ee728b)
Start importing Assets/Asteroids Pack/Assets/Meshes/asteroid3_LOD0.fbx using Guid(5f67db069f8983f49bdeff2fdad26975) Importer(815301076,1909f56bfc062723c751e8b465ee728b)  -> (artifact id: '68e48aecab2c17670016544efe7c8260') in 0.028755 seconds 
  Import took 0.031840 seconds .

========================================================================
Received Import Request.
  Time since last request: 0.011984 seconds.
  path: Assets/Asteroids Pack/Assets/Meshes/asteroid2_LOD0.fbx
  artifactKey: Guid(e259e812818c9074dbe1011ab1789aae) Importer(815301076,1909f56bfc062723c751e8b465ee728b)
Start importing Assets/Asteroids Pack/Assets/Meshes/asteroid2_LOD0.fbx using Guid(e259e812818c9074dbe1011ab1789aae) Importer(815301076,1909f56bfc062723c751e8b465ee728b)  -> (artifact id: '4125a607c4374526d38e3205da4c4284') in 0.032562 seconds 
  Import took 0.036074 seconds .

========================================================================
Received Import Request.
  Time since last request: 0.741704 seconds.
  path: Assets/Asteroids Pack/Assets/Prefabs/Asteroid 1.prefab
  artifactKey: Guid(fa49e460baf435b4780da7196c2ab473) Importer(815301076,1909f56bfc062723c751e8b465ee728b)
Start importing Assets/Asteroids Pack/Assets/Prefabs/Asteroid 1.prefab using Guid(fa49e460baf435b4780da7196c2ab473) Importer(815301076,1909f56bfc062723c751e8b465ee728b)  -> (artifact id: '43570c98598f9f30593bef045fe42da2') in 0.035926 seconds 
  Import took 0.039328 seconds .

========================================================================
Received Import Request.
  Time since last request: 0.000371 seconds.
  path: Assets/Asteroids Pack/Assets/Prefabs/Asteroid 2.prefab
  artifactKey: Guid(84cc3cd234dfc9d4d9d2e92c0eb0af75) Importer(815301076,1909f56bfc062723c751e8b465ee728b)
Start importing Assets/Asteroids Pack/Assets/Prefabs/Asteroid 2.prefab using Guid(84cc3cd234dfc9d4d9d2e92c0eb0af75) Importer(815301076,1909f56bfc062723c751e8b465ee728b)  -> (artifact id: 'b86b7d921ec0a53364309d2379abc5f8') in 0.032173 seconds 
  Import took 0.035468 seconds .

========================================================================
Received Import Request.
  Time since last request: 0.000332 seconds.
  path: Assets/Asteroids Pack/Assets/Prefabs/Asteroid 3.prefab
  artifactKey: Guid(04d0bf4be9447154188d86f6e3b8dce9) Importer(815301076,1909f56bfc062723c751e8b465ee728b)
Start importing Assets/Asteroids Pack/Assets/Prefabs/Asteroid 3.prefab using Guid(04d0bf4be9447154188d86f6e3b8dce9) Importer(815301076,1909f56bfc062723c751e8b465ee728b)  -> (artifact id: '4fcc4b7fb1e2cf6fbc21055707085bae') in 0.029533 seconds 
  Import took 0.032743 seconds .

========================================================================
Received Import Request.
  Time since last request: 1.668112 seconds.
  path: Assets/Asteroids Pack/Assets/Textures/seamless_rock_texture.jpg
  artifactKey: Guid(ddce39766e2a9ce48a69c914a4a29487) Importer(815301076,1909f56bfc062723c751e8b465ee728b)
Start importing Assets/Asteroids Pack/Assets/Textures/seamless_rock_texture.jpg using Guid(ddce39766e2a9ce48a69c914a4a29487) Importer(815301076,1909f56bfc062723c751e8b465ee728b)  -> (artifact id: '9e3caeca74d389b7bef96edc441b7595') in 0.024029 seconds 
  Import took 0.027216 seconds .

========================================================================
Received Import Request.
  Time since last request: 0.000380 seconds.
  path: Assets/Asteroids Pack/Assets/Textures/seamless_rock_texture_detail.jpg
  artifactKey: Guid(12c40864f9ef9974592868faef1d76c5) Importer(815301076,1909f56bfc062723c751e8b465ee728b)
Start importing Assets/Asteroids Pack/Assets/Textures/seamless_rock_texture_detail.jpg using Guid(12c40864f9ef9974592868faef1d76c5) Importer(815301076,1909f56bfc062723c751e8b465ee728b)  -> (artifact id: '4e5cd374272985944901cc5ee6cad39f') in 0.025955 seconds 
  Import took 0.029104 seconds .

========================================================================
Received Import Request.
  Time since last request: 5.041986 seconds.
  path: Assets/Asteroids Pack/Assets/Scripts/RandomRotator.cs
  artifactKey: Guid(a718c138b20419b499c3d92b17e6ff7a) Importer(815301076,1909f56bfc062723c751e8b465ee728b)
Start importing Assets/Asteroids Pack/Assets/Scripts/RandomRotator.cs using Guid(a718c138b20419b499c3d92b17e6ff7a) Importer(815301076,1909f56bfc062723c751e8b465ee728b)  -> (artifact id: 'a784fcf43593072dcf999f9acfbaafa8') in 0.011144 seconds 
  Import took 0.014275 seconds .

========================================================================
Received Import Request.
  Time since last request: 0.001084 seconds.
  path: Assets/Asteroids Pack/Assets/Scripts/RandomRotator.cs
  artifactKey: Guid(a718c138b20419b499c3d92b17e6ff7a) Importer(815301076,1909f56bfc062723c751e8b465ee728b)
Start importing Assets/Asteroids Pack/Assets/Scripts/RandomRotator.cs using Guid(a718c138b20419b499c3d92b17e6ff7a) Importer(815301076,1909f56bfc062723c751e8b465ee728b)  -> (artifact id: 'a784fcf43593072dcf999f9acfbaafa8') in 0.004022 seconds 
  Import took 0.007223 seconds .

========================================================================
Received Prepare
Registering precompiled user dll's ...
Registered in 0.005327 seconds.
Begin MonoManager ReloadAssembly
Native extension for WindowsStandalone target not found
Native extension for WebGL target not found
Refreshing native plugins compatible for Editor in 0.42 ms, found 2 plugins.
Preloading 0 native plugins for Editor in 0.00 ms.
Mono: successfully reloaded assembly
- Completed reload, in  1.478 seconds
Domain Reload Profiling:
	ReloadAssembly (1478ms)
		BeginReloadAssembly (138ms)
			ExecutionOrderSort (0ms)
			DisableScriptedObjects (6ms)
			BackupInstance (0ms)
			ReleaseScriptingObjects (0ms)
			CreateAndSetChildDomain (46ms)
		EndReloadAssembly (1249ms)
			LoadAssemblies (120ms)
			RebuildTransferFunctionScriptingTraits (0ms)
			SetupTypeCache (401ms)
			ReleaseScriptCaches (1ms)
			RebuildScriptCaches (58ms)
			SetupLoadedEditorAssemblies (516ms)
				LogAssemblyErrors (0ms)
				InitializePlatformSupportModulesInManaged (10ms)
				SetLoadedEditorAssemblies (1ms)
				RefreshPlugins (1ms)
				BeforeProcessingInitializeOnLoad (118ms)
				ProcessInitializeOnLoadAttributes (375ms)
				ProcessInitializeOnLoadMethodAttributes (5ms)
				AfterProcessingInitializeOnLoad (7ms)
				EditorAssembliesLoaded (0ms)
			ExecutionOrderSort2 (0ms)
			AwakeInstancesAfterBackupRestoration (11ms)
Platform modules already initialized, skipping
Refreshing native plugins compatible for Editor in 0.47 ms, found 2 plugins.
Preloading 0 native plugins for Editor in 0.00 ms.
Unloading 1393 Unused Serialized files (Serialized files now loaded: 0)
System memory in use before: 68.7 MB.
System memory in use after: 68.8 MB.

Unloading 14 unused Assets to reduce memory usage. Loaded Objects now: 1900.
Total: 4.124100 ms (FindLiveObjects: 0.189400 ms CreateObjectMapping: 0.059700 ms MarkObjects: 3.846300 ms  DeleteObjects: 0.027000 ms)

AssetImportParameters requested are different than current active one (requested -> active):
  custom:framework-win-MediaFoundation: 216162199b28c13a410421893ffa2e32 -> 
  custom:video-decoder-ogg-theora: a1e56fd34408186e4bbccfd4996cb3dc -> 
  custom:container-muxer-webm: aa71ff27fc2769a1b78a27578f13a17b -> 
  custom:container-demuxer-webm: 4f35f7cbe854078d1ac9338744f61a02 -> 
  custom:container-demuxer-ogg: 62fdf1f143b41e24485cea50d1cbac27 -> 
  custom:video-encoder-webm-vp8: eb34c28f22e8b96e1ab97ce403110664 -> 
  custom:video-codec-MediaFoundation-h265: 746d11721c4dcdbdad8f713fa42b33f4 -> 
  custom:video-decoder-webm-vp8: 9c59270c3fd7afecdb556c50c9e8de78 -> 
  custom:audio-decoder-ogg-vorbis: bf7c407c2cedff20999df2af8eb42d56 -> 
  custom:audio-encoder-webm-vorbis: bf7c407c2cedff20999df2af8eb42d56 -> 
AssetImportWorkerClient::OnTransportError - code=2 error=End of file
